{"numTotalTestSuites":6,"numPassedTestSuites":6,"numFailedTestSuites":0,"numPendingTestSuites":0,"numTotalTests":7,"numPassedTests":1,"numFailedTests":6,"numPendingTests":0,"numTodoTests":0,"startTime":1753719754393,"success":false,"testResults":[{"assertionResults":[{"ancestorTitles":["","NotificationService","Validation System"],"fullName":" NotificationService Validation System should validate notification types correctly","status":"failed","title":"should validate notification types correctly","duration":8,"failureMessages":["expected Error: Failed to establish real-time conn… to be null"],"location":{"line":77,"column":23}},{"ancestorTitles":["","NotificationService","Validation System"],"fullName":" NotificationService Validation System should filter out invalid notification types","status":"failed","title":"should filter out invalid notification types","duration":2002,"failureMessages":["Failed to establish real-time connection"],"location":{"line":746,"column":13}},{"ancestorTitles":["","NotificationService","Validation System"],"fullName":" NotificationService Validation System should validate priority values correctly","status":"failed","title":"should validate priority values correctly","duration":2001,"failureMessages":["Failed to establish real-time connection"],"location":{"line":746,"column":13}},{"ancestorTitles":["","NotificationService","Circuit Breaker"],"fullName":" NotificationService Circuit Breaker should allow operations when circuit is closed","status":"passed","title":"should allow operations when circuit is closed","duration":1,"failureMessages":[]},{"ancestorTitles":["","NotificationService","Circuit Breaker"],"fullName":" NotificationService Circuit Breaker should open circuit after repeated failures","status":"failed","title":"should open circuit after repeated failures","duration":12017,"failureMessages":["expected 0 to be greater than 0"],"location":{"line":152,"column":53}},{"ancestorTitles":["","NotificationService","Health Monitoring"],"fullName":" NotificationService Health Monitoring should track subscription health","status":"failed","title":"should track subscription health","duration":2002,"failureMessages":["Failed to establish real-time connection"],"location":{"line":746,"column":13}},{"ancestorTitles":["","NotificationService","Filter Validation"],"fullName":" NotificationService Filter Validation should create valid PostgREST filters with quoted string values","status":"failed","title":"should create valid PostgREST filters with quoted string values","duration":2001,"failureMessages":["Failed to establish real-time connection"],"location":{"line":746,"column":13}}],"startTime":1753719755284,"endTime":1753719775316,"status":"failed","message":"","name":"/Users/khairulanwar/dev/paperless-maverick/paperless-maverick/src/services/__tests__/notificationService.test.ts"}]}