{"numTotalTestSuites":1,"numPassedTestSuites":0,"numFailedTestSuites":1,"numPendingTestSuites":0,"numTotalTests":0,"numPassedTests":0,"numFailedTests":0,"numPendingTests":0,"numTodoTests":0,"startTime":1753516553408,"success":false,"testResults":[{"assertionResults":[],"startTime":1753516553408,"endTime":1753516553408,"status":"failed","message":"jest is not defined","name":"/Users/khairulanwar/dev/paperless-maverick/paperless-maverick/src/lib/batch-session/__tests__/BatchSessionManager.test.ts"}]}